<?xml version="1.0" encoding="UTF-8"?>
<!-- Generated by org.testng.reporters.JUnitReportReporter -->
<testsuite hostname="Ankushs-MacBook-Air.local" failures="0" tests="1" name="com.jbk.jenkinsDemo.HomePage" time="4.173" errors="0" timestamp="15 Mar 2020 04:18:35 GMT" skipped="0">
  <testcase classname="com.jbk.jenkinsDemo.HomePage" name="CheckPageURL" time="4.173"/>
</testsuite> <!-- com.jbk.jenkinsDemo.HomePage -->
